2024-07-14  INFO 22920 --- [task-management-app-lesson] [main] com.github.jslblar080.LsApplication      : Starting LsApplication using Java 21.0.3 with PID 22920 (/Users/jslit/IdeaProjects/eugen/task-management-app-lesson/build/classes/java/main started by jslit in /Users/jslit/IdeaProjects/eugen/task-management-app-lesson)
2024-07-14  INFO 22920 --- [task-management-app-lesson] [main] com.github.jslblar080.LsApplication      : The following 1 profile is active: "dev"
2024-07-14  INFO 22920 --- [task-management-app-lesson] [main] c.g.j.config.MyBeanFactoryPostProcessor  : postProcessBeanFactory is invoked!
2024-07-14  INFO 22920 --- [task-management-app-lesson] [main] com.github.jslblar080.config.AppConfig   : Active Profiles: dev
2024-07-14  INFO 22920 --- [task-management-app-lesson] [main] com.github.jslblar080.config.AppConfig   : Default Profiles: default
2024-07-14  INFO 22920 --- [task-management-app-lesson] [main] c.g.j.config.FirstBeanPostProcessor      : Before initializing the bean: beanA
2024-07-14  INFO 22920 --- [task-management-app-lesson] [main] c.g.j.config.SecondBeanPostProcessor     : Before initializing the bean: beanA
2024-07-14  INFO 22920 --- [task-management-app-lesson] [main] c.g.jslblar080.persistence.model.BeanA   : @PostConstruct annotated method from BeanA is called.
2024-07-14  INFO 22920 --- [task-management-app-lesson] [main] c.g.jslblar080.persistence.model.BeanA   : value of the property foo is: bar
2024-07-14  INFO 22920 --- [task-management-app-lesson] [main] c.g.j.config.FirstBeanPostProcessor      : After initializing the bean: beanA
2024-07-14  INFO 22920 --- [task-management-app-lesson] [main] c.g.j.config.SecondBeanPostProcessor     : After initializing the bean: beanA
2024-07-14  INFO 22920 --- [task-management-app-lesson] [main] c.g.jslblar080.persistence.model.BeanB   : @PostConstruct annotated method from BeanB is called.
2024-07-14  INFO 22920 --- [task-management-app-lesson] [main] c.g.jslblar080.persistence.model.BeanB   : Custom initMethod from BeanB is called.
2024-07-14  INFO 22920 --- [task-management-app-lesson] [main] com.github.jslblar080.LsApplication      : Started LsApplication in 1.379 seconds (process running for 1.664)
2024-07-14  INFO 22920 --- [task-management-app-lesson] [main] c.g.j.config.MyBeanFactoryPostProcessor  : postProcessBeanFactory is invoked!
2024-07-14  INFO 22920 --- [task-management-app-lesson] [main] com.github.jslblar080.config.AppConfig   : Active Profiles: dev
2024-07-14  INFO 22920 --- [task-management-app-lesson] [main] com.github.jslblar080.config.AppConfig   : Default Profiles: default
2024-07-14  INFO 22920 --- [task-management-app-lesson] [main] c.g.j.config.FirstBeanPostProcessor      : Before initializing the bean: beanA
2024-07-14  INFO 22920 --- [task-management-app-lesson] [main] c.g.j.config.SecondBeanPostProcessor     : Before initializing the bean: beanA
2024-07-14  INFO 22920 --- [task-management-app-lesson] [main] c.g.jslblar080.persistence.model.BeanA   : @PostConstruct annotated method from BeanA is called.
2024-07-14  INFO 22920 --- [task-management-app-lesson] [main] c.g.jslblar080.persistence.model.BeanA   : value of the property foo is: bar
2024-07-14  INFO 22920 --- [task-management-app-lesson] [main] c.g.j.config.FirstBeanPostProcessor      : After initializing the bean: beanA
2024-07-14  INFO 22920 --- [task-management-app-lesson] [main] c.g.j.config.SecondBeanPostProcessor     : After initializing the bean: beanA
2024-07-14  INFO 22920 --- [task-management-app-lesson] [main] c.g.jslblar080.persistence.model.BeanB   : @PostConstruct annotated method from BeanB is called.
2024-07-14  INFO 22920 --- [task-management-app-lesson] [main] c.g.jslblar080.persistence.model.BeanB   : Custom initMethod from BeanB is called.
2024-07-14  INFO 22920 --- [task-management-app-lesson] [main] com.github.jslblar080.LsApplication      : org.springframework.context.annotation.AnnotationConfigApplicationContext@58740366
2024-07-14  INFO 22920 --- [task-management-app-lesson] [main] .s.i.ProjectServiceImplConstructorInject : CONTEXT WITH ID 'org.springframework.context.annotation.AnnotationConfigApplicationContext@58740366' SET
2024-07-14  INFO 22920 --- [task-management-app-lesson] [main] com.github.jslblar080.LsApplication      : PRO-100000-123
2024-07-14  INFO 22920 --- [task-management-app-lesson] [main] c.g.jslblar080.persistence.model.BeanC   : @PreDestroy annotated method from BeanC is called.
2024-07-14  INFO 22920 --- [task-management-app-lesson] [main] c.g.jslblar080.persistence.model.BeanC   : Custom destroyMethod from BeanC is called.
2024-07-14  INFO 22920 --- [task-management-app-lesson] [main] com.github.jslblar080.LsApplication      : Context active before close: true
2024-07-14  INFO 22920 --- [task-management-app-lesson] [main] c.g.jslblar080.persistence.model.BeanC   : @PreDestroy annotated method from BeanC is called.
2024-07-14  INFO 22920 --- [task-management-app-lesson] [main] c.g.jslblar080.persistence.model.BeanC   : Custom destroyMethod from BeanC is called.
2024-07-14  INFO 22920 --- [task-management-app-lesson] [main] com.github.jslblar080.LsApplication      : Context active after close: false
